<?xml version="1.0" encoding="UTF-8"?>
<!-- Generated by org.testng.reporters.JUnitReportReporter -->
<testsuite hostname="DESKTOP-BG83L86" failures="0" tests="2" name="apiTestcases.SampleAPITest" time="1.843" errors="0" timestamp="2023-11-16T11:08:21 IST" skipped="0">
  <testcase classname="apiTestcases.SampleAPITest" name="getAllUsersList" time="1.717"/>
  <testcase classname="apiTestcases.SampleAPITest" name="getOneSubjectQuestions" time="0.126"/>
</testsuite> <!-- apiTestcases.SampleAPITest -->
