<?xml version="1.0" encoding="UTF-8"?>
<!-- Generated by org.testng.reporters.JUnitReportReporter -->
<testsuite hostname="DESKTOP-BG83L86" failures="0" tests="1" name="apiTestcases.SampleTest" time="1.944" errors="0" timestamp="2023-11-16T10:38:00 IST" skipped="0">
  <testcase classname="apiTestcases.SampleTest" name="postNewEmployees" time="1.944">
    <system-out>
      <![CDATA[<!DOCTYPE HTML PUBLIC "-//IETF//DTD HTML 2.0//EN">
<html><head>
<title>301 Moved Permanently</title>
</head><body>
<h1>Moved Permanently</h1>
<p>The document has moved <a href="https://dummy.restapiexample.com/api/v1/create">here</a>.</p>
</body></html>
]]>
    </system-out>
  </testcase> <!-- postNewEmployees -->
  <system-out>
    <![CDATA[<!DOCTYPE HTML PUBLIC "-//IETF//DTD HTML 2.0//EN">
<html><head>
<title>301 Moved Permanently</title>
</head><body>
<h1>Moved Permanently</h1>
<p>The document has moved <a href="https://dummy.restapiexample.com/api/v1/create">here</a>.</p>
</body></html>
]]>
  </system-out>
</testsuite> <!-- apiTestcases.SampleTest -->
