<?xml version="1.0" encoding="UTF-8"?>
<!-- Generated by org.testng.reporters.JUnitReportReporter -->
<testsuite hostname="DESKTOP-BG83L86" failures="0" tests="2" name="apiTestcases.SampleAPITest" time="2.434" errors="0" timestamp="2023-11-16T11:24:01 IST" skipped="0">
  <testcase classname="apiTestcases.SampleAPITest" name="getOneSubjectQuestions" time="0.720"/>
  <testcase classname="apiTestcases.SampleAPITest" name="getAllUsersList" time="1.714"/>
</testsuite> <!-- apiTestcases.SampleAPITest -->
