<?xml version="1.0" encoding="UTF-8"?>
<!-- Generated by org.testng.reporters.JUnitReportReporter -->
<testsuite hostname="DESKTOP-BG83L86" failures="0" tests="4" name="com.quiz_app.testcases.QuizAppAPITest" time="2.090" errors="0" timestamp="2023-12-21T09:53:37 IST" skipped="0">
  <testcase classname="com.quiz_app.testcases.QuizAppAPITest" name="verifyByGettingAllSubjectsWithValidEndpoint" time="1.563"/>
  <testcase classname="com.quiz_app.testcases.QuizAppAPITest" name="verifyByGettingAllSubjectsWithInValidEndpoint" time="0.064"/>
  <testcase classname="com.quiz_app.testcases.QuizAppAPITest" name="verifyByGettingOneSubjectsWithValidSubjectName" time="0.361"/>
  <testcase classname="com.quiz_app.testcases.QuizAppAPITest" name="verifyByGettingOneSubjectsWithInvalidSubjectName" time="0.102"/>
</testsuite> <!-- com.quiz_app.testcases.QuizAppAPITest -->
